This file contains any messages produced by compilers while
running configure, to aid debugging if configure makes a mistake.

It was created by pkg-config configure 0.29, which was
generated by GNU Autoconf 2.69.  Invocation command line was

  $ ./configure 

## --------- ##
## Platform. ##
## --------- ##

hostname = Emilys-MacBook-Pro.local
uname -m = x86_64
uname -r = 19.4.0
uname -s = Darwin
uname -v = Darwin Kernel Version 19.4.0: Wed Mar  4 22:28:40 PST 2020; root:xnu-6153.101.6~15/RELEASE_X86_64

/usr/bin/uname -p = i386
/bin/uname -X     = unknown

/bin/arch              = unknown
/usr/bin/arch -k       = unknown
/usr/convex/getsysinfo = unknown
/usr/bin/hostinfo      = Mach kernel version:
	 Darwin Kernel Version 19.4.0: Wed Mar  4 22:28:40 PST 2020; root:xnu-6153.101.6~15/RELEASE_X86_64
Kernel configured for up to 12 processors.
6 processors are physically available.
12 processors are logically available.
Processor type: x86_64h (Intel x86-64h Haswell)
Processors active: 0 1 2 3 4 5 6 7 8 9 10 11
Primary memory available: 16.00 gigabytes
Default processor set: 452 tasks, 2576 threads, 12 processors
Load average: 1.50, Mach factor: 10.48
/bin/machine           = unknown
/usr/bin/oslevel       = unknown
/bin/universe          = unknown

PATH: /usr/local/bin
PATH: /usr/bin
PATH: /bin
PATH: /usr/sbin
PATH: /sbin


## ----------- ##
## Core tests. ##
## ----------- ##

configure:2320: checking for a BSD-compatible install
configure:2388: result: /usr/bin/install -c
configure:2399: checking whether build environment is sane
configure:2454: result: yes
configure:2605: checking for a thread-safe mkdir -p
configure:2644: result: ./install-sh -c -d
configure:2651: checking for gawk
configure:2681: result: no
configure:2651: checking for mawk
configure:2681: result: no
configure:2651: checking for nawk
configure:2681: result: no
configure:2651: checking for awk
configure:2667: found /usr/bin/awk
configure:2678: result: awk
configure:2689: checking whether make sets $(MAKE)
configure:2711: result: yes
configure:2740: checking whether make supports nested variables
configure:2757: result: yes
configure:2914: checking build system type
configure:2928: result: x86_64-apple-darwin19.4.0
configure:2948: checking host system type
configure:2961: result: x86_64-apple-darwin19.4.0
configure:3002: checking how to print strings
configure:3029: result: printf
configure:3062: checking for style of include used by make
configure:3090: result: GNU
configure:3161: checking for gcc
configure:3177: found /usr/bin/gcc
configure:3188: result: gcc
configure:3417: checking for C compiler version
configure:3426: gcc --version >&5
Apple clang version 11.0.3 (clang-1103.0.32.29)
Target: x86_64-apple-darwin19.4.0
Thread model: posix
InstalledDir: /Library/Developer/CommandLineTools/usr/bin
Configured with: --prefix=/Library/Developer/CommandLineTools/usr --with-gxx-include-dir=/Library/Developer/CommandLineTools/SDKs/MacOSX.sdk/usr/include/c++/4.2.1
configure:3437: $? = 0
configure:3426: gcc -v >&5
Configured with: --prefix=/Library/Developer/CommandLineTools/usr --with-gxx-include-dir=/Library/Developer/CommandLineTools/SDKs/MacOSX.sdk/usr/include/c++/4.2.1
Apple clang version 11.0.3 (clang-1103.0.32.29)
Target: x86_64-apple-darwin19.4.0
Thread model: posix
InstalledDir: /Library/Developer/CommandLineTools/usr/bin
configure:3437: $? = 0
configure:3426: gcc -V >&5
clang: error: unsupported option '-V -Wno-objc-signed-char-bool-implicit-int-conversion'
clang: error: no input files
configure:3437: $? = 1
configure:3426: gcc -qversion >&5
clang: error: unknown argument '-qversion'; did you mean '--version'?
clang: error: no input files
configure:3437: $? = 1
configure:3457: checking whether the C compiler works
configure:3479: gcc    conftest.c  >&5
configure:3483: $? = 0
configure:3531: result: yes
configure:3534: checking for C compiler default output file name
configure:3536: result: a.out
configure:3542: checking for suffix of executables
configure:3549: gcc -o conftest    conftest.c  >&5
configure:3553: $? = 0
configure:3575: result: 
configure:3597: checking whether we are cross compiling
configure:3605: gcc -o conftest    conftest.c  >&5
configure:3609: $? = 0
configure:3616: ./conftest
configure:3620: $? = 0
configure:3635: result: no
configure:3640: checking for suffix of object files
configure:3662: gcc -c   conftest.c >&5
configure:3666: $? = 0
configure:3687: result: o
configure:3691: checking whether we are using the GNU C compiler
configure:3710: gcc -c   conftest.c >&5
configure:3710: $? = 0
configure:3719: result: yes
configure:3728: checking whether gcc accepts -g
configure:3748: gcc -c -g  conftest.c >&5
configure:3748: $? = 0
configure:3789: result: yes
configure:3806: checking for gcc option to accept ISO C89
configure:3869: gcc  -c -g -O2  conftest.c >&5
configure:3869: $? = 0
configure:3882: result: none needed
configure:3907: checking whether gcc understands -c and -o together
configure:3929: gcc -c conftest.c -o conftest2.o
configure:3932: $? = 0
configure:3929: gcc -c conftest.c -o conftest2.o
configure:3932: $? = 0
configure:3944: result: yes
configure:3963: checking dependency style of gcc
configure:4074: result: gcc3
configure:4089: checking for a sed that does not truncate output
configure:4153: result: /usr/bin/sed
configure:4171: checking for grep that handles long lines and -e
configure:4229: result: /usr/bin/grep
configure:4234: checking for egrep
configure:4296: result: /usr/bin/grep -E
configure:4301: checking for fgrep
configure:4363: result: /usr/bin/grep -F
configure:4398: checking for ld used by gcc
configure:4465: result: /Library/Developer/CommandLineTools/usr/bin/ld
configure:4472: checking if the linker (/Library/Developer/CommandLineTools/usr/bin/ld) is GNU ld
configure:4487: result: no
configure:4499: checking for BSD- or MS-compatible name lister (nm)
configure:4548: result: /usr/bin/nm -B
configure:4678: checking the name lister (/usr/bin/nm -B) interface
configure:4685: gcc -c -g -O2  conftest.c >&5
configure:4688: /usr/bin/nm -B "conftest.o"
configure:4691: output
00000000000001d0 S _some_variable
configure:4698: result: BSD nm
configure:4701: checking whether ln -s works
configure:4705: result: yes
configure:4713: checking the maximum length of command line arguments
configure:4843: result: 196608
configure:4860: checking whether the shell understands some XSI constructs
configure:4870: result: yes
configure:4874: checking whether the shell understands "+="
configure:4880: result: yes
configure:4915: checking how to convert x86_64-apple-darwin19.4.0 file names to x86_64-apple-darwin19.4.0 format
configure:4955: result: func_convert_file_noop
configure:4962: checking how to convert x86_64-apple-darwin19.4.0 file names to toolchain format
configure:4982: result: func_convert_file_noop
configure:4989: checking for /Library/Developer/CommandLineTools/usr/bin/ld option to reload object files
configure:4996: result: -r
configure:5070: checking for objdump
configure:5086: found /usr/bin/objdump
configure:5097: result: objdump
configure:5129: checking how to recognize dependent libraries
configure:5331: result: pass_all
configure:5416: checking for dlltool
configure:5446: result: no
configure:5476: checking how to associate runtime and link libraries
configure:5503: result: printf %s\n
configure:5564: checking for ar
configure:5580: found /usr/bin/ar
configure:5591: result: ar
configure:5628: checking for archiver @FILE support
configure:5645: gcc -c -g -O2  conftest.c >&5
configure:5645: $? = 0
configure:5648: ar cru libconftest.a @conftest.lst >&5
ar: @conftest.lst: No such file or directory
configure:5651: $? = 1
configure:5671: result: no
configure:5729: checking for strip
configure:5745: found /usr/bin/strip
configure:5756: result: strip
configure:5828: checking for ranlib
configure:5844: found /usr/bin/ranlib
configure:5855: result: ranlib
configure:5957: checking command to parse /usr/bin/nm -B output from gcc object
configure:6077: gcc -c -g -O2  conftest.c >&5
configure:6080: $? = 0
configure:6084: /usr/bin/nm -B conftest.o \| sed -n -e 's/^.*[ ]\([BCDEGRST][BCDEGRST]*\)[ ][ ]*\([_A-Za-z][_A-Za-z0-9]*\)$/\1 \2 \2/p' | sed '/ __gnu_lto/d' \> conftest.nm
configure:6087: $? = 0
cannot find nm_test_var in conftest.nm
configure:6077: gcc -c -g -O2  conftest.c >&5
configure:6080: $? = 0
configure:6084: /usr/bin/nm -B conftest.o \| sed -n -e 's/^.*[ ]\([BCDEGRST][BCDEGRST]*\)[ ][ ]*_\([_A-Za-z][_A-Za-z0-9]*\)$/\1 _\2 \2/p' | sed '/ __gnu_lto/d' \> conftest.nm
configure:6087: $? = 0
configure:6153: gcc -o conftest -g -O2   conftest.c conftstm.o >&5
warning: (x86_64)  could not find object file symbol for symbol _main
configure:6156: $? = 0
configure:6194: result: ok
configure:6231: checking for sysroot
configure:6261: result: no
configure:6523: checking for mt
configure:6553: result: no
configure:6573: checking if : is a manifest tool
configure:6579: : '-?'
configure:6587: result: no
configure:6643: checking for dsymutil
configure:6659: found /usr/bin/dsymutil
configure:6670: result: dsymutil
configure:6735: checking for nmedit
configure:6751: found /usr/bin/nmedit
configure:6762: result: nmedit
configure:6827: checking for lipo
configure:6843: found /usr/bin/lipo
configure:6854: result: lipo
configure:6919: checking for otool
configure:6935: found /usr/bin/otool
configure:6946: result: otool
configure:7011: checking for otool64
configure:7041: result: no
configure:7086: checking for -single_module linker flag
gcc -g -O2  -o libconftest.dylib -dynamiclib -Wl,-single_module conftest.c
configure:7119: result: yes
configure:7122: checking for -exported_symbols_list linker flag
configure:7142: gcc -o conftest -g -O2   -Wl,-exported_symbols_list,conftest.sym conftest.c  >&5
configure:7142: $? = 0
configure:7152: result: yes
configure:7155: checking for -force_load linker flag
gcc -g -O2 -c -o conftest.o conftest.c
ar cru libconftest.a conftest.o
ranlib libconftest.a
gcc -g -O2  -o conftest conftest.c -Wl,-force_load,./libconftest.a
configure:7187: result: yes
configure:7229: checking how to run the C preprocessor
configure:7260: gcc -E  conftest.c
configure:7260: $? = 0
configure:7274: gcc -E  conftest.c
conftest.c:11:10: fatal error: 'ac_nonexistent.h' file not found
#include <ac_nonexistent.h>
         ^~~~~~~~~~~~~~~~~~
1 error generated.
configure:7274: $? = 1
configure: failed program was:
| /* confdefs.h */
| #define PACKAGE_NAME "pkg-config"
| #define PACKAGE_TARNAME "pkg-config"
| #define PACKAGE_VERSION "0.29"
| #define PACKAGE_STRING "pkg-config 0.29"
| #define PACKAGE_BUGREPORT "https://bugs.freedesktop.org/enter_bug.cgi?product=pkg-config"
| #define PACKAGE_URL ""
| #define PACKAGE "pkg-config"
| #define VERSION "0.29"
| /* end confdefs.h.  */
| #include <ac_nonexistent.h>
configure:7299: result: gcc -E
configure:7319: gcc -E  conftest.c
configure:7319: $? = 0
configure:7333: gcc -E  conftest.c
conftest.c:11:10: fatal error: 'ac_nonexistent.h' file not found
#include <ac_nonexistent.h>
         ^~~~~~~~~~~~~~~~~~
1 error generated.
configure:7333: $? = 1
configure: failed program was:
| /* confdefs.h */
| #define PACKAGE_NAME "pkg-config"
| #define PACKAGE_TARNAME "pkg-config"
| #define PACKAGE_VERSION "0.29"
| #define PACKAGE_STRING "pkg-config 0.29"
| #define PACKAGE_BUGREPORT "https://bugs.freedesktop.org/enter_bug.cgi?product=pkg-config"
| #define PACKAGE_URL ""
| #define PACKAGE "pkg-config"
| #define VERSION "0.29"
| /* end confdefs.h.  */
| #include <ac_nonexistent.h>
configure:7362: checking for ANSI C header files
configure:7382: gcc -c -g -O2  conftest.c >&5
configure:7382: $? = 0
configure:7455: gcc -o conftest -g -O2   conftest.c  >&5
configure:7455: $? = 0
configure:7455: ./conftest
configure:7455: $? = 0
configure:7466: result: yes
configure:7479: checking for sys/types.h
configure:7479: gcc -c -g -O2  conftest.c >&5
configure:7479: $? = 0
configure:7479: result: yes
configure:7479: checking for sys/stat.h
configure:7479: gcc -c -g -O2  conftest.c >&5
configure:7479: $? = 0
configure:7479: result: yes
configure:7479: checking for stdlib.h
configure:7479: gcc -c -g -O2  conftest.c >&5
configure:7479: $? = 0
configure:7479: result: yes
configure:7479: checking for string.h
configure:7479: gcc -c -g -O2  conftest.c >&5
configure:7479: $? = 0
configure:7479: result: yes
configure:7479: checking for memory.h
configure:7479: gcc -c -g -O2  conftest.c >&5
configure:7479: $? = 0
configure:7479: result: yes
configure:7479: checking for strings.h
configure:7479: gcc -c -g -O2  conftest.c >&5
configure:7479: $? = 0
configure:7479: result: yes
configure:7479: checking for inttypes.h
configure:7479: gcc -c -g -O2  conftest.c >&5
configure:7479: $? = 0
configure:7479: result: yes
configure:7479: checking for stdint.h
configure:7479: gcc -c -g -O2  conftest.c >&5
configure:7479: $? = 0
configure:7479: result: yes
configure:7479: checking for unistd.h
configure:7479: gcc -c -g -O2  conftest.c >&5
configure:7479: $? = 0
configure:7479: result: yes
configure:7493: checking for dlfcn.h
configure:7493: gcc -c -g -O2  conftest.c >&5
configure:7493: $? = 0
configure:7493: result: yes
configure:7699: checking for objdir
configure:7714: result: .libs
configure:7981: checking if gcc supports -fno-rtti -fno-exceptions
configure:7999: gcc -c -g -O2  -fno-rtti -fno-exceptions conftest.c >&5
configure:8003: $? = 0
configure:8016: result: yes
configure:8343: checking for gcc option to produce PIC
configure:8350: result: -fno-common -DPIC
configure:8358: checking if gcc PIC flag -fno-common -DPIC works
configure:8376: gcc -c -g -O2  -fno-common -DPIC -DPIC conftest.c >&5
configure:8380: $? = 0
configure:8393: result: yes
configure:8422: checking if gcc static flag -static works
configure:8450: result: no
configure:8465: checking if gcc supports -c -o file.o
configure:8486: gcc -c -g -O2  -o out/conftest2.o conftest.c >&5
configure:8490: $? = 0
configure:8512: result: yes
configure:8520: checking if gcc supports -c -o file.o
configure:8567: result: yes
configure:8600: checking whether the gcc linker (/Library/Developer/CommandLineTools/usr/bin/ld) supports shared libraries
configure:9753: result: yes
configure:9993: checking dynamic linker characteristics
configure:10730: result: darwin19.4.0 dyld
configure:10837: checking how to hardcode library paths into programs
configure:10862: result: immediate
configure:11402: checking whether stripping libraries is possible
configure:11416: result: yes
configure:11442: checking if libtool supports shared libraries
configure:11444: result: yes
configure:11447: checking whether to build shared libraries
configure:11468: result: yes
configure:11471: checking whether to build static libraries
configure:11475: result: yes
configure:11524: checking whether make supports nested variables
configure:11541: result: yes
configure:11560: checking for special C compiler options needed for large files
configure:11605: result: no
configure:11611: checking for _FILE_OFFSET_BITS value needed for large files
configure:11636: gcc -c -g -O2  conftest.c >&5
configure:11636: $? = 0
configure:11668: result: no
configure:11802: checking for gcc
configure:11829: result: gcc
configure:12058: checking for C compiler version
configure:12067: gcc --version >&5
Apple clang version 11.0.3 (clang-1103.0.32.29)
Target: x86_64-apple-darwin19.4.0
Thread model: posix
InstalledDir: /Library/Developer/CommandLineTools/usr/bin
Configured with: --prefix=/Library/Developer/CommandLineTools/usr --with-gxx-include-dir=/Library/Developer/CommandLineTools/SDKs/MacOSX.sdk/usr/include/c++/4.2.1
configure:12078: $? = 0
configure:12067: gcc -v >&5
Configured with: --prefix=/Library/Developer/CommandLineTools/usr --with-gxx-include-dir=/Library/Developer/CommandLineTools/SDKs/MacOSX.sdk/usr/include/c++/4.2.1
Apple clang version 11.0.3 (clang-1103.0.32.29)
Target: x86_64-apple-darwin19.4.0
Thread model: posix
InstalledDir: /Library/Developer/CommandLineTools/usr/bin
configure:12078: $? = 0
configure:12067: gcc -V >&5
clang: error: unsupported option '-V -Wno-objc-signed-char-bool-implicit-int-conversion'
clang: error: no input files
configure:12078: $? = 1
configure:12067: gcc -qversion >&5
clang: error: unknown argument '-qversion'; did you mean '--version'?
clang: error: no input files
configure:12078: $? = 1
configure:12082: checking whether we are using the GNU C compiler
configure:12110: result: yes
configure:12119: checking whether gcc accepts -g
configure:12180: result: yes
configure:12197: checking for gcc option to accept ISO C89
configure:12273: result: none needed
configure:12298: checking whether gcc understands -c and -o together
configure:12335: result: yes
configure:12354: checking dependency style of gcc
configure:12465: result: gcc3
configure:12482: checking for ln
configure:12498: found /bin/ln
configure:12510: result: ln
configure:12522: checking dirent.h usability
configure:12522: gcc -c -g -O2  conftest.c >&5
configure:12522: $? = 0
configure:12522: result: yes
configure:12522: checking dirent.h presence
configure:12522: gcc -E  conftest.c
configure:12522: $? = 0
configure:12522: result: yes
configure:12522: checking for dirent.h
configure:12522: result: yes
configure:12522: checking for unistd.h
configure:12522: result: yes
configure:12522: checking sys/wait.h usability
configure:12522: gcc -c -g -O2  conftest.c >&5
configure:12522: $? = 0
configure:12522: result: yes
configure:12522: checking sys/wait.h presence
configure:12522: gcc -E  conftest.c
configure:12522: $? = 0
configure:12522: result: yes
configure:12522: checking for sys/wait.h
configure:12522: result: yes
configure:12522: checking malloc.h usability
configure:12522: gcc -c -g -O2  conftest.c >&5
conftest.c:59:10: fatal error: 'malloc.h' file not found
#include <malloc.h>
         ^~~~~~~~~~
1 error generated.
configure:12522: $? = 1
configure: failed program was:
| /* confdefs.h */
| #define PACKAGE_NAME "pkg-config"
| #define PACKAGE_TARNAME "pkg-config"
| #define PACKAGE_VERSION "0.29"
| #define PACKAGE_STRING "pkg-config 0.29"
| #define PACKAGE_BUGREPORT "https://bugs.freedesktop.org/enter_bug.cgi?product=pkg-config"
| #define PACKAGE_URL ""
| #define PACKAGE "pkg-config"
| #define VERSION "0.29"
| #define STDC_HEADERS 1
| #define HAVE_SYS_TYPES_H 1
| #define HAVE_SYS_STAT_H 1
| #define HAVE_STDLIB_H 1
| #define HAVE_STRING_H 1
| #define HAVE_MEMORY_H 1
| #define HAVE_STRINGS_H 1
| #define HAVE_INTTYPES_H 1
| #define HAVE_STDINT_H 1
| #define HAVE_UNISTD_H 1
| #define HAVE_DLFCN_H 1
| #define LT_OBJDIR ".libs/"
| #define HAVE_DIRENT_H 1
| #define HAVE_UNISTD_H 1
| #define HAVE_SYS_WAIT_H 1
| /* end confdefs.h.  */
| #include <stdio.h>
| #ifdef HAVE_SYS_TYPES_H
| # include <sys/types.h>
| #endif
| #ifdef HAVE_SYS_STAT_H
| # include <sys/stat.h>
| #endif
| #ifdef STDC_HEADERS
| # include <stdlib.h>
| # include <stddef.h>
| #else
| # ifdef HAVE_STDLIB_H
| #  include <stdlib.h>
| # endif
| #endif
| #ifdef HAVE_STRING_H
| # if !defined STDC_HEADERS && defined HAVE_MEMORY_H
| #  include <memory.h>
| # endif
| # include <string.h>
| #endif
| #ifdef HAVE_STRINGS_H
| # include <strings.h>
| #endif
| #ifdef HAVE_INTTYPES_H
| # include <inttypes.h>
| #endif
| #ifdef HAVE_STDINT_H
| # include <stdint.h>
| #endif
| #ifdef HAVE_UNISTD_H
| # include <unistd.h>
| #endif
| #include <malloc.h>
configure:12522: result: no
configure:12522: checking malloc.h presence
configure:12522: gcc -E  conftest.c
conftest.c:26:10: fatal error: 'malloc.h' file not found
#include <malloc.h>
         ^~~~~~~~~~
1 error generated.
configure:12522: $? = 1
configure: failed program was:
| /* confdefs.h */
| #define PACKAGE_NAME "pkg-config"
| #define PACKAGE_TARNAME "pkg-config"
| #define PACKAGE_VERSION "0.29"
| #define PACKAGE_STRING "pkg-config 0.29"
| #define PACKAGE_BUGREPORT "https://bugs.freedesktop.org/enter_bug.cgi?product=pkg-config"
| #define PACKAGE_URL ""
| #define PACKAGE "pkg-config"
| #define VERSION "0.29"
| #define STDC_HEADERS 1
| #define HAVE_SYS_TYPES_H 1
| #define HAVE_SYS_STAT_H 1
| #define HAVE_STDLIB_H 1
| #define HAVE_STRING_H 1
| #define HAVE_MEMORY_H 1
| #define HAVE_STRINGS_H 1
| #define HAVE_INTTYPES_H 1
| #define HAVE_STDINT_H 1
| #define HAVE_UNISTD_H 1
| #define HAVE_DLFCN_H 1
| #define LT_OBJDIR ".libs/"
| #define HAVE_DIRENT_H 1
| #define HAVE_UNISTD_H 1
| #define HAVE_SYS_WAIT_H 1
| /* end confdefs.h.  */
| #include <malloc.h>
configure:12522: result: no
configure:12522: checking for malloc.h
configure:12522: result: no
configure:12539: checking for bash
configure:12557: found /bin/bash
configure:12569: result: /bin/bash
configure:12585: checking for default search path for .pc files
configure:12603: result: ${libdir}/pkgconfig:${datadir}/pkgconfig:/usr/lib/pkgconfig:/usr/share/pkgconfig
configure:12607: checking for system include path to avoid -I flags
configure:12617: result: /usr/include
configure:12621: checking for system library path to avoid -L flags
configure:12641: result: /usr/lib:/lib
configure:12646: creating ./config.lt

## ------------------ ##
## Running config.lt. ##
## ------------------ ##
config.lt:622: creating libtool
use_indirect_deps=auto
configure:14022: checking whether to list both direct and indirect dependencies
configure:14040: result: no
configure:14055: checking for Win32
configure:14065: result: no
configure:14118: checking if prefix should be redefined at runtime
configure:14127: result: no
configure:14169: checking if internal glib should be used
configure:14182: result: no
configure:14238: checking for pkg-config
configure:14271: result: no
configure:14306: checking for GLIB
configure:14365: result: no
configure:14367: error: Either a previously installed pkg-config or "glib-2.0 >= 2.16" could not be found. Please set GLIB_CFLAGS and GLIB_LIBS to the correct values or pass --with-internal-glib to configure to use the bundled copy.

## ---------------- ##
## Cache variables. ##
## ---------------- ##

ac_cv_build=x86_64-apple-darwin19.4.0
ac_cv_c_compiler_gnu=yes
ac_cv_env_CC_set=
ac_cv_env_CC_value=
ac_cv_env_CFLAGS_set=
ac_cv_env_CFLAGS_value=
ac_cv_env_CPPFLAGS_set=
ac_cv_env_CPPFLAGS_value=
ac_cv_env_CPP_set=
ac_cv_env_CPP_value=
ac_cv_env_GLIB_CFLAGS_set=
ac_cv_env_GLIB_CFLAGS_value=
ac_cv_env_GLIB_LIBS_set=
ac_cv_env_GLIB_LIBS_value=
ac_cv_env_LDFLAGS_set=
ac_cv_env_LDFLAGS_value=
ac_cv_env_LIBS_set=
ac_cv_env_LIBS_value=
ac_cv_env_PKG_CONFIG_LIBDIR_set=
ac_cv_env_PKG_CONFIG_LIBDIR_value=
ac_cv_env_PKG_CONFIG_PATH_set=
ac_cv_env_PKG_CONFIG_PATH_value=
ac_cv_env_PKG_CONFIG_set=
ac_cv_env_PKG_CONFIG_value=
ac_cv_env_TESTS_SHELL_set=
ac_cv_env_TESTS_SHELL_value=
ac_cv_env_build_alias_set=
ac_cv_env_build_alias_value=
ac_cv_env_host_alias_set=
ac_cv_env_host_alias_value=
ac_cv_env_target_alias_set=
ac_cv_env_target_alias_value=
ac_cv_header_dirent_h=yes
ac_cv_header_dlfcn_h=yes
ac_cv_header_inttypes_h=yes
ac_cv_header_malloc_h=no
ac_cv_header_memory_h=yes
ac_cv_header_stdc=yes
ac_cv_header_stdint_h=yes
ac_cv_header_stdlib_h=yes
ac_cv_header_string_h=yes
ac_cv_header_strings_h=yes
ac_cv_header_sys_stat_h=yes
ac_cv_header_sys_types_h=yes
ac_cv_header_sys_wait_h=yes
ac_cv_header_unistd_h=yes
ac_cv_host=x86_64-apple-darwin19.4.0
ac_cv_objext=o
ac_cv_path_EGREP='/usr/bin/grep -E'
ac_cv_path_FGREP='/usr/bin/grep -F'
ac_cv_path_GREP=/usr/bin/grep
ac_cv_path_SED=/usr/bin/sed
ac_cv_path_TESTS_SHELL=/bin/bash
ac_cv_path_install='/usr/bin/install -c'
ac_cv_prog_AWK=awk
ac_cv_prog_CPP='gcc -E'
ac_cv_prog_LN=ln
ac_cv_prog_ac_ct_AR=ar
ac_cv_prog_ac_ct_CC=gcc
ac_cv_prog_ac_ct_DSYMUTIL=dsymutil
ac_cv_prog_ac_ct_LIPO=lipo
ac_cv_prog_ac_ct_NMEDIT=nmedit
ac_cv_prog_ac_ct_OBJDUMP=objdump
ac_cv_prog_ac_ct_OTOOL=otool
ac_cv_prog_ac_ct_RANLIB=ranlib
ac_cv_prog_ac_ct_STRIP=strip
ac_cv_prog_cc_c89=
ac_cv_prog_cc_g=yes
ac_cv_prog_make_make_set=yes
ac_cv_sys_file_offset_bits=no
ac_cv_sys_largefile_CC=no
am_cv_CC_dependencies_compiler_type=gcc3
am_cv_make_support_nested_variables=yes
am_cv_prog_cc_c_o=yes
lt_cv_apple_cc_single_mod=yes
lt_cv_ar_at_file=no
lt_cv_deplibs_check_method=pass_all
lt_cv_file_magic_cmd='$MAGIC_CMD'
lt_cv_file_magic_test_file=
lt_cv_ld_exported_symbols_list=yes
lt_cv_ld_force_load=yes
lt_cv_ld_reload_flag=-r
lt_cv_nm_interface='BSD nm'
lt_cv_objdir=.libs
lt_cv_path_LD=/Library/Developer/CommandLineTools/usr/bin/ld
lt_cv_path_NM='/usr/bin/nm -B'
lt_cv_path_mainfest_tool=no
lt_cv_prog_compiler_c_o=yes
lt_cv_prog_compiler_pic='-fno-common -DPIC'
lt_cv_prog_compiler_pic_works=yes
lt_cv_prog_compiler_rtti_exceptions=yes
lt_cv_prog_compiler_static_works=no
lt_cv_prog_gnu_ld=no
lt_cv_sharedlib_from_linklib_cmd='printf %s\n'
lt_cv_sys_global_symbol_pipe='sed -n -e '\''s/^.*[	 ]\([BCDEGRST][BCDEGRST]*\)[	 ][	 ]*_\([_A-Za-z][_A-Za-z0-9]*\)$/\1 _\2 \2/p'\'' | sed '\''/ __gnu_lto/d'\'''
lt_cv_sys_global_symbol_to_c_name_address='sed -n -e '\''s/^: \([^ ]*\)[ ]*$/  {\"\1\", (void *) 0},/p'\'' -e '\''s/^[BCDEGRST]* \([^ ]*\) \([^ ]*\)$/  {"\2", (void *) \&\2},/p'\'''
lt_cv_sys_global_symbol_to_c_name_address_lib_prefix='sed -n -e '\''s/^: \([^ ]*\)[ ]*$/  {\"\1\", (void *) 0},/p'\'' -e '\''s/^[BCDEGRST]* \([^ ]*\) \(lib[^ ]*\)$/  {"\2", (void *) \&\2},/p'\'' -e '\''s/^[BCDEGRST]* \([^ ]*\) \([^ ]*\)$/  {"lib\2", (void *) \&\2},/p'\'''
lt_cv_sys_global_symbol_to_cdecl='sed -n -e '\''s/^T .* \(.*\)$/extern int \1();/p'\'' -e '\''s/^[BCDEGRST]* .* \(.*\)$/extern char \1;/p'\'''
lt_cv_sys_max_cmd_len=196608
lt_cv_to_host_file_cmd=func_convert_file_noop
lt_cv_to_tool_file_cmd=func_convert_file_noop

## ----------------- ##
## Output variables. ##
## ----------------- ##

ACLOCAL='${SHELL} /Users/elam/aarp/pkg-config-0.29/missing aclocal-1.15'
AMDEPBACKSLASH='\'
AMDEP_FALSE='#'
AMDEP_TRUE=''
AMTAR='$${TAR-tar}'
AM_BACKSLASH='\'
AM_DEFAULT_V='$(AM_DEFAULT_VERBOSITY)'
AM_DEFAULT_VERBOSITY='0'
AM_V='$(V)'
AR='ar'
AUTOCONF='${SHELL} /Users/elam/aarp/pkg-config-0.29/missing autoconf'
AUTOHEADER='${SHELL} /Users/elam/aarp/pkg-config-0.29/missing autoheader'
AUTOMAKE='${SHELL} /Users/elam/aarp/pkg-config-0.29/missing automake-1.15'
AWK='awk'
CC='gcc'
CCDEPMODE='depmode=gcc3'
CFLAGS='-g -O2'
CPP='gcc -E'
CPPFLAGS=''
CYGPATH_W='echo'
DEFS=''
DEPDIR='.deps'
DLLTOOL='false'
DSYMUTIL='dsymutil'
DUMPBIN=''
ECHO_C='\c'
ECHO_N=''
ECHO_T=''
EGREP='/usr/bin/grep -E'
EXEEXT=''
FGREP='/usr/bin/grep -F'
GCOV=''
GCOV_CFLAGS=''
GLIB_CFLAGS=''
GLIB_LIBS=''
GREP='/usr/bin/grep'
HOST_TOOL_FALSE=''
HOST_TOOL_TRUE=''
INSTALL_DATA='${INSTALL} -m 644'
INSTALL_PROGRAM='${INSTALL}'
INSTALL_SCRIPT='${INSTALL}'
INSTALL_STRIP_PROGRAM='$(install_sh) -c -s'
INTERNAL_GLIB_FALSE=''
INTERNAL_GLIB_TRUE='#'
LD='/Library/Developer/CommandLineTools/usr/bin/ld'
LDFLAGS=''
LIBOBJS=''
LIBS=''
LIBTOOL='$(SHELL) $(top_builddir)/libtool'
LIPO='lipo'
LN='ln'
LN_S='ln -s'
LTLIBOBJS=''
MAKEINFO='${SHELL} /Users/elam/aarp/pkg-config-0.29/missing makeinfo'
MANIFEST_TOOL=':'
MKDIR_P='./install-sh -c -d'
NATIVE_WIN32_FALSE=''
NATIVE_WIN32_TRUE='#'
NM='/usr/bin/nm -B'
NMEDIT='nmedit'
OBJDUMP='objdump'
OBJEXT='o'
OTOOL64=':'
OTOOL='otool'
PACKAGE='pkg-config'
PACKAGE_BUGREPORT='https://bugs.freedesktop.org/enter_bug.cgi?product=pkg-config'
PACKAGE_NAME='pkg-config'
PACKAGE_STRING='pkg-config 0.29'
PACKAGE_TARNAME='pkg-config'
PACKAGE_URL=''
PACKAGE_VERSION='0.29'
PATH_SEPARATOR=':'
PKG_CONFIG=''
PKG_CONFIG_LIBDIR=''
PKG_CONFIG_PATH=''
RANLIB='ranlib'
SED='/usr/bin/sed'
SET_MAKE=''
SHELL='/bin/sh'
STRIP='strip'
TESTS_PKG_CONFIG='${top_builddir}/pkg-config${EXEEXT}'
TESTS_SHELL='/bin/bash'
VERSION='0.29'
WARN_CFLAGS='-g -Wall -O2'
WINE=''
ac_ct_AR='ar'
ac_ct_CC='gcc'
ac_ct_DUMPBIN=''
am__EXEEXT_FALSE=''
am__EXEEXT_TRUE=''
am__fastdepCC_FALSE='#'
am__fastdepCC_TRUE=''
am__include='include'
am__isrc=''
am__leading_dot='.'
am__nodep='_no'
am__quote=''
am__tar='$${TAR-tar} chof - "$$tardir"'
am__untar='$${TAR-tar} xf -'
bindir='${exec_prefix}/bin'
build='x86_64-apple-darwin19.4.0'
build_alias=''
build_cpu='x86_64'
build_os='darwin19.4.0'
build_vendor='apple'
datadir='${datarootdir}'
datarootdir='${prefix}/share'
docdir='${datarootdir}/doc/${PACKAGE_TARNAME}'
dvidir='${docdir}'
exec_prefix='NONE'
host='x86_64-apple-darwin19.4.0'
host_alias=''
host_cpu='x86_64'
host_os='darwin19.4.0'
host_vendor='apple'
htmldir='${docdir}'
includedir='${prefix}/include'
infodir='${datarootdir}/info'
install_sh='${SHELL} /Users/elam/aarp/pkg-config-0.29/install-sh'
libdir='${exec_prefix}/lib'
libexecdir='${exec_prefix}/libexec'
localedir='${datarootdir}/locale'
localstatedir='${prefix}/var'
mandir='${datarootdir}/man'
mkdir_p='$(MKDIR_P)'
native_win32='no'
oldincludedir='/usr/include'
pc_path='${libdir}/pkgconfig:${datadir}/pkgconfig:/usr/lib/pkgconfig:/usr/share/pkgconfig'
pdfdir='${docdir}'
prefix='NONE'
program_transform_name='s,x,x,'
psdir='${docdir}'
sbindir='${exec_prefix}/sbin'
sharedstatedir='${prefix}/com'
subdirs=''
sysconfdir='${prefix}/etc'
system_include_path='/usr/include'
system_library_path='/usr/lib:/lib'
target_alias=''
use_indirect_deps='no'

## ----------- ##
## confdefs.h. ##
## ----------- ##

/* confdefs.h */
#define PACKAGE_NAME "pkg-config"
#define PACKAGE_TARNAME "pkg-config"
#define PACKAGE_VERSION "0.29"
#define PACKAGE_STRING "pkg-config 0.29"
#define PACKAGE_BUGREPORT "https://bugs.freedesktop.org/enter_bug.cgi?product=pkg-config"
#define PACKAGE_URL ""
#define PACKAGE "pkg-config"
#define VERSION "0.29"
#define STDC_HEADERS 1
#define HAVE_SYS_TYPES_H 1
#define HAVE_SYS_STAT_H 1
#define HAVE_STDLIB_H 1
#define HAVE_STRING_H 1
#define HAVE_MEMORY_H 1
#define HAVE_STRINGS_H 1
#define HAVE_INTTYPES_H 1
#define HAVE_STDINT_H 1
#define HAVE_UNISTD_H 1
#define HAVE_DLFCN_H 1
#define LT_OBJDIR ".libs/"
#define HAVE_DIRENT_H 1
#define HAVE_UNISTD_H 1
#define HAVE_SYS_WAIT_H 1
#define ENABLE_INDIRECT_DEPS FALSE
#define ENABLE_DEFINE_PREFIX FALSE

configure: exit 1
